<?xml version="1.0" encoding="UTF-8"?>
<testng-results skipped="0" failed="0" ignored="0" total="1" passed="1">
  <reporter-output>
  </reporter-output>
  <suite name="Default suite" duration-ms="17915" started-at="2019-03-19T13:01:10Z" finished-at="2019-03-19T13:01:28Z">
    <groups>
    </groups>
    <test name="Default test" duration-ms="17915" started-at="2019-03-19T13:01:10Z" finished-at="2019-03-19T13:01:28Z">
      <class name="com.uuabc.run.frist">
        <test-method status="PASS" signature="initial()[pri:0, instance:com.uuabc.run.frist@91161c7]" name="initial" is-config="true" duration-ms="6307" started-at="2019-03-19T13:01:10Z" finished-at="2019-03-19T13:01:16Z">
          <reporter-output>
          </reporter-output>
        </test-method> <!-- initial -->
        <test-method status="PASS" signature="run001()[pri:0, instance:com.uuabc.run.frist@91161c7]" name="run001" duration-ms="11563" started-at="2019-03-19T13:01:16Z" finished-at="2019-03-19T13:01:28Z">
          <reporter-output>
          </reporter-output>
        </test-method> <!-- run001 -->
        <test-method status="PASS" signature="destory()[pri:0, instance:com.uuabc.run.frist@91161c7]" name="destory" is-config="true" duration-ms="1" started-at="2019-03-19T13:01:28Z" finished-at="2019-03-19T13:01:28Z">
          <reporter-output>
          </reporter-output>
        </test-method> <!-- destory -->
      </class> <!-- com.uuabc.run.frist -->
    </test> <!-- Default test -->
  </suite> <!-- Default suite -->
</testng-results>
